#
# A fatal error has been detected by the Java Runtime Environment:
#
#  EXCEPTION_ACCESS_VIOLATION (0xc0000005) at pc=0x0000000068da2844, pid=15912, tid=0x0000000000003f80
#
# JRE version: OpenJDK Runtime Environment (8.0_352-b08) (build 1.8.0_352-b08)
# Java VM: OpenJDK 64-Bit Server VM (25.352-b08 mixed mode windows-amd64 compressed oops)
# Problematic frame:
# V  [jvm.dll+0x122844]
#
# Failed to write core dump. Minidumps are not enabled by default on client versions of Windows
#
# If you would like to submit a bug report, please visit:
#   https://github.com/corretto/corretto-8/issues/
#

---------------  T H R E A D  ---------------

Current thread (0x0000019d85c4e000):  JavaThread "main" [_thread_in_vm, id=16256, stack(0x0000003533c00000,0x0000003533d00000)]

siginfo: ExceptionCode=0xc0000005, reading address 0x0000000000000000

Registers:
RAX=0x0000000000000000, RBX=0x0000019d85c4e000, RCX=0x0000000000000e00, RDX=0x0000000000000000
RSP=0x0000003533cfee40, RBP=0x0000003533cff608, RSI=0x0000000000000000, RDI=0x0000000000000000
R8 =0x0000000000000000, R9 =0x0000019da0972048, R10=0x0000019da02fa990, R11=0x0000003533cfee80
R12=0x0000000000000000, R13=0x0000019da0376a08, R14=0x0000000000000000, R15=0x0000019d85c4e000
RIP=0x0000000068da2844, EFLAGS=0x0000000000010246

Top of Stack: (sp=0x0000003533cfee40)
0x0000003533cfee40:   0000019da02fa990 0000019d85c4e000
0x0000003533cfee50:   0000000000000002 000000076bb7c910
0x0000003533cfee60:   0000019d85c4e000 0000000000000000
0x0000003533cfee70:   0000019da02fa8e0 0000019d85c4e000
0x0000003533cfee80:   0000019d85c4e000 0000003533cff690
0x0000003533cfee90:   0000019da0376a08 00007ffcfb28ae65
0x0000003533cfeea0:   0000019da0376a10 0000003533cff608
0x0000003533cfeeb0:   0000003533cff690 00007ffcfb247c95
0x0000003533cfeec0:   0000019da0376a10 0000003533cff608
0x0000003533cfeed0:   0000000010000020 0000003533cfeee0
0x0000003533cfeee0:   0000003533cfef10 00007ffcfb2452d8
0x0000003533cfeef0:   0000019d85c4e260 0000000000000000
0x0000003533cfef00:   0000000000000000 cccccccccccccccc
0x0000003533cfef10:   0000003533cff000 00007ffcfb258d84
0x0000003533cfef20:   0000003533cfef78 0000019d85c4e260
0x0000003533cfef30:   0000000000000000 0000019da0972048 

Instructions: (pc=0x0000000068da2844)
0x0000000068da2824:   08 74 0a 48 8d 4c 24 20 e8 9f b7 12 00 40 f6 c7
0x0000000068da2834:   01 74 0d 48 8b cf e8 21 5b 0c 00 48 8b f8 eb 03
0x0000000068da2844:   48 8b 3f 40 38 35 39 86 6c 00 48 63 05 77 e3 6a
0x0000000068da2854:   00 74 1b 8b 0c 38 85 c9 74 6a 8b c1 8b 0d 92 2d 


Register to memory mapping:

RAX=0x0000000000000000 is an unknown value
RBX=0x0000019d85c4e000 is a thread
RCX=0x0000000000000e00 is an unknown value
RDX=0x0000000000000000 is an unknown value
RSP=0x0000003533cfee40 is pointing into the stack for thread: 0x0000019d85c4e000
RBP=0x0000003533cff608 is pointing into the stack for thread: 0x0000019d85c4e000
RSI=0x0000000000000000 is an unknown value
RDI=0x0000000000000000 is an unknown value
R8 =0x0000000000000000 is an unknown value
R9 =0x0000019da0972048 is an unknown value
R10={method} {0x0000019da02fa998} 'next' '()Ljava/lang/Object;' in 'java/util/Collections$1'
R11=0x0000003533cfee80 is pointing into the stack for thread: 0x0000019d85c4e000
R12=0x0000000000000000 is an unknown value
R13=0x0000019da0376a08 is pointing into metadata
R14=0x0000000000000000 is an unknown value
R15=0x0000019d85c4e000 is a thread


Stack: [0x0000003533c00000,0x0000003533d00000],  sp=0x0000003533cfee40,  free space=1019k
Native frames: (J=compiled Java code, j=interpreted, Vv=VM code, C=native code)
V  [jvm.dll+0x122844]
C  [opendnp3java.dll+0x57c95]  JNIEnv_::GetStringUTFChars+0x45
C  [opendnp3java.dll+0x552d8]  CString::CString+0x78
C  [opendnp3java.dll+0x68d84]  ConvertIPEndpoint+0x94
C  [opendnp3java.dll+0x6ca46]  <lambda_8e4f667efc63959a7aac379db5f1f256>::operator()+0x56
C  [opendnp3java.dll+0x69fbe]  JNI::Iterate<jni::JIPEndpoint,<lambda_8e4f667efc63959a7aac379db5f1f256> >+0xde
C  [opendnp3java.dll+0x66c2c]  Java_com_automatak_dnp3_impl_ManagerImpl_get_1native_1channel_1tcp_1client+0x2ac
C  0x0000019d87729c8e

Java frames: (J=compiled Java code, j=interpreted, Vv=VM code)
j  com.automatak.dnp3.impl.ManagerImpl.get_native_channel_tcp_client(JLjava/lang/String;IJJJLjava/util/List;Ljava/lang/String;Lcom/automatak/dnp3/ChannelListener;)J+0
j  com.automatak.dnp3.impl.ManagerImpl.addTCPClient(Ljava/lang/String;ILcom/automatak/dnp3/ChannelRetry;Ljava/util/List;Ljava/lang/String;Lcom/automatak/dnp3/ChannelListener;)Lcom/automatak/dnp3/Channel;+53
j  Main.run(Lcom/automatak/dnp3/DNP3Manager;Ljava/lang/String;I)V+26
j  Main.main([Ljava/lang/String;)V+358
v  ~StubRoutines::call_stub

---------------  P R O C E S S  ---------------

Java Threads: ( => current thread )
  0x0000019da2ae6000 JavaThread "Thread-0" [_thread_in_native, id=8008, stack(0x0000003535100000,0x0000003535200000)]
  0x0000019da288c800 JavaThread "Service Thread" daemon [_thread_blocked, id=1700, stack(0x0000003534f00000,0x0000003535000000)]
  0x0000019da2851000 JavaThread "C1 CompilerThread3" daemon [_thread_blocked, id=2440, stack(0x0000003534e00000,0x0000003534f00000)]
  0x0000019da2850000 JavaThread "C2 CompilerThread2" daemon [_thread_blocked, id=13880, stack(0x0000003534d00000,0x0000003534e00000)]
  0x0000019da284f000 JavaThread "C2 CompilerThread1" daemon [_thread_blocked, id=2748, stack(0x0000003534c00000,0x0000003534d00000)]
  0x0000019da284d800 JavaThread "C2 CompilerThread0" daemon [_thread_blocked, id=11664, stack(0x0000003534b00000,0x0000003534c00000)]
  0x0000019da2847800 JavaThread "Monitor Ctrl-Break" daemon [_thread_in_native, id=2736, stack(0x0000003534a00000,0x0000003534b00000)]
  0x0000019da09c9800 JavaThread "Attach Listener" daemon [_thread_blocked, id=10924, stack(0x0000003534900000,0x0000003534a00000)]
  0x0000019da09c8800 JavaThread "Signal Dispatcher" daemon [_thread_blocked, id=15704, stack(0x0000003534800000,0x0000003534900000)]
  0x0000019da09a1000 JavaThread "Finalizer" daemon [_thread_blocked, id=18248, stack(0x0000003534700000,0x0000003534800000)]
  0x0000019da0998800 JavaThread "Reference Handler" daemon [_thread_blocked, id=11492, stack(0x0000003534600000,0x0000003534700000)]
=>0x0000019d85c4e000 JavaThread "main" [_thread_in_vm, id=16256, stack(0x0000003533c00000,0x0000003533d00000)]

Other Threads:
  0x0000019da0969800 VMThread [stack: 0x0000003534500000,0x0000003534600000] [id=14316]
  0x0000019da2922000 WatcherThread [stack: 0x0000003535000000,0x0000003535100000] [id=19260]

VM state:synchronizing (normal execution)

VM Mutex/Monitor currently owned by a thread:  ([mutex/lock_event])
[0x0000019d85c4aec0] Threads_lock - owner thread: 0x0000019da0969800

heap address: 0x00000006c1c00000, size: 4068 MB, Compressed Oops mode: Zero based, Oop shift amount: 3
Narrow klass base: 0x0000000000000000, Narrow klass shift: 3
Compressed class space size: 1073741824 Address: 0x00000007c0000000

Heap:
 PSYoungGen      total 76288K, used 9182K [0x000000076b400000, 0x0000000770900000, 0x00000007c0000000)
  eden space 65536K, 14% used [0x000000076b400000,0x000000076bcf7aa0,0x000000076f400000)
  from space 10752K, 0% used [0x000000076fe80000,0x000000076fe80000,0x0000000770900000)
  to   space 10752K, 0% used [0x000000076f400000,0x000000076f400000,0x000000076fe80000)
 ParOldGen       total 175104K, used 0K [0x00000006c1c00000, 0x00000006cc700000, 0x000000076b400000)
  object space 175104K, 0% used [0x00000006c1c00000,0x00000006c1c00000,0x00000006cc700000)
 Metaspace       used 4566K, capacity 4928K, committed 5248K, reserved 1056768K
  class space    used 523K, capacity 560K, committed 640K, reserved 1048576K

Card table byte_map: [0x0000019d96ad0000,0x0000019d972d0000] byte_map_base: 0x0000019d934c2000

Marking Bits: (ParMarkBitMap*) 0x0000000069477820
 Begin Bits: [0x0000019d97820000, 0x0000019d9b7b0000)
 End Bits:   [0x0000019d9b7b0000, 0x0000019d9f740000)

Polling page: 0x0000019d85e60000

CodeCache: size=245760Kb used=1600Kb max_used=1612Kb free=244159Kb
 bounds [0x0000019d87710000, 0x0000019d87980000, 0x0000019d96710000]
 total_blobs=490 nmethods=198 adapters=205
 compilation: enabled

Compilation events (10 events):
Event: 19.884 Thread 0x0000019da284d800  195       4       java.lang.String::lastIndexOf (52 bytes)
Event: 19.885 Thread 0x0000019da2851000 nmethod 193 0x0000019d8789a550 code [0x0000019d8789a9c0, 0x0000019d8789cbb0]
Event: 19.885 Thread 0x0000019da2851000  196       3       java.lang.ref.Finalizer::register (10 bytes)
Event: 19.885 Thread 0x0000019da2851000 nmethod 196 0x0000019d87896e10 code [0x0000019d87896fa0, 0x0000019d878973d0]
Event: 19.886 Thread 0x0000019da2851000  197       3       java.lang.ref.Finalizer::<init> (23 bytes)
Event: 19.886 Thread 0x0000019da2851000 nmethod 197 0x0000019d878a1850 code [0x0000019d878a19e0, 0x0000019d878a1d70]
Event: 19.886 Thread 0x0000019da284d800 nmethod 195 0x0000019d87896a90 code [0x0000019d87896bc0, 0x0000019d87896d18]
Event: 19.886 Thread 0x0000019da2851000  198       3       java.util.concurrent.ConcurrentHashMap::addCount (281 bytes)
Event: 19.888 Thread 0x0000019da2851000 nmethod 198 0x0000019d878a0790 code [0x0000019d878a09a0, 0x0000019d878a1490]
Event: 19.890 Thread 0x0000019da2850000 nmethod 194 0x0000019d878a3bd0 code [0x0000019d878a3d20, 0x0000019d878a4318]

GC Heap History (0 events):
No events

Deoptimization events (0 events):
No events

Classes redefined (0 events):
No events

Internal exceptions (6 events):
Event: 0.066 Thread 0x0000019d85c4e000 Exception <a 'java/lang/NoSuchMethodError': Method sun.misc.Unsafe.defineClass(Ljava/lang/String;[BII)Ljava/lang/Class; name or signature does not match> (0x000000076b4082a0) thrown at [C:\wsjdk\Corretto8Src\installers\windows\zip\corretto-build\buildRoot
Event: 0.067 Thread 0x0000019d85c4e000 Exception <a 'java/lang/NoSuchMethodError': Method sun.misc.Unsafe.prefetchRead(Ljava/lang/Object;J)V name or signature does not match> (0x000000076b408588) thrown at [C:\wsjdk\Corretto8Src\installers\windows\zip\corretto-build\buildRoot\hotspot\src\share
Event: 1.968 Thread 0x0000019da09c9800 Exception <a 'java/security/PrivilegedActionException'> (0x000000076b99e2a0) thrown at [C:\wsjdk\Corretto8Src\installers\windows\zip\corretto-build\buildRoot\hotspot\src\share\vm\prims\jvm.cpp, line 1514]
Event: 1.968 Thread 0x0000019da09c9800 Exception <a 'java/security/PrivilegedActionException'> (0x000000076b99e698) thrown at [C:\wsjdk\Corretto8Src\installers\windows\zip\corretto-build\buildRoot\hotspot\src\share\vm\prims\jvm.cpp, line 1514]
Event: 1.968 Thread 0x0000019da09c9800 Exception <a 'java/security/PrivilegedActionException'> (0x000000076b9a30a0) thrown at [C:\wsjdk\Corretto8Src\installers\windows\zip\corretto-build\buildRoot\hotspot\src\share\vm\prims\jvm.cpp, line 1514]
Event: 1.968 Thread 0x0000019da09c9800 Exception <a 'java/security/PrivilegedActionException'> (0x000000076b9a3498) thrown at [C:\wsjdk\Corretto8Src\installers\windows\zip\corretto-build\buildRoot\hotspot\src\share\vm\prims\jvm.cpp, line 1514]

Events (10 events):
Event: 19.885 loading class com/automatak/dnp3/Channel done
Event: 19.886 loading class com/automatak/dnp3/ChannelRetry
Event: 19.886 loading class com/automatak/dnp3/ChannelRetry done
Event: 19.886 loading class java/util/Collections$SingletonList
Event: 19.886 Thread 0x0000019da2ae6000 Thread added: 0x0000019da2ae6000
Event: 19.887 loading class java/util/Collections$SingletonList done
Event: 19.887 loading class com/automatak/dnp3/mock/PrintingChannelListener
Event: 19.887 loading class com/automatak/dnp3/mock/PrintingChannelListener done
Event: 19.904 loading class java/util/Collections$1
Event: 19.904 loading class java/util/Collections$1 done


Dynamic libraries:
0x00007ff7a0360000 - 0x00007ff7a039a000 	C:\Users\Martin Zarecky\.jdks\corretto-1.8.0_352\bin\java.exe
0x00007ffd42c90000 - 0x00007ffd42e88000 	C:\WINDOWS\SYSTEM32\ntdll.dll
0x00007ffd41a20000 - 0x00007ffd41adf000 	C:\WINDOWS\System32\KERNEL32.DLL
0x00007ffd408c0000 - 0x00007ffd40b92000 	C:\WINDOWS\System32\KERNELBASE.dll
0x00007ffd412b0000 - 0x00007ffd4135e000 	C:\WINDOWS\System32\ADVAPI32.dll
0x00007ffd41ff0000 - 0x00007ffd4208e000 	C:\WINDOWS\System32\msvcrt.dll
0x00007ffd41850000 - 0x00007ffd418ec000 	C:\WINDOWS\System32\sechost.dll
0x00007ffd41410000 - 0x00007ffd41535000 	C:\WINDOWS\System32\RPCRT4.dll
0x00007ffd41110000 - 0x00007ffd412ad000 	C:\WINDOWS\System32\USER32.dll
0x00007ffd40ba0000 - 0x00007ffd40bc2000 	C:\WINDOWS\System32\win32u.dll
0x00007ffd40d70000 - 0x00007ffd40d9b000 	C:\WINDOWS\System32\GDI32.dll
0x00007ffd40bd0000 - 0x00007ffd40cdf000 	C:\WINDOWS\System32\gdi32full.dll
0x00007ffd40770000 - 0x00007ffd4080d000 	C:\WINDOWS\System32\msvcp_win.dll
0x00007ffd40390000 - 0x00007ffd40490000 	C:\WINDOWS\System32\ucrtbase.dll
0x00007ffd2a7c0000 - 0x00007ffd2aa5a000 	C:\WINDOWS\WinSxS\amd64_microsoft.windows.common-controls_6595b64144ccf1df_6.0.19041.1110_none_60b5254171f9507e\COMCTL32.dll
0x00007ffd41810000 - 0x00007ffd41842000 	C:\WINDOWS\System32\IMM32.DLL
0x00007ffcfb780000 - 0x00007ffcfb86f000 	C:\Users\Martin Zarecky\.jdks\corretto-1.8.0_352\jre\bin\msvcr120.dll
0x00007ffcfb6d0000 - 0x00007ffcfb776000 	C:\Users\Martin Zarecky\.jdks\corretto-1.8.0_352\jre\bin\msvcp120.dll
0x0000000068c80000 - 0x00000000694f6000 	C:\Users\Martin Zarecky\.jdks\corretto-1.8.0_352\jre\bin\server\jvm.dll
0x00007ffd41e30000 - 0x00007ffd41e38000 	C:\WINDOWS\System32\PSAPI.DLL
0x00007ffd1d100000 - 0x00007ffd1d109000 	C:\WINDOWS\SYSTEM32\WSOCK32.dll
0x00007ffd334f0000 - 0x00007ffd33517000 	C:\WINDOWS\SYSTEM32\WINMM.dll
0x00007ffd38ef0000 - 0x00007ffd38efa000 	C:\WINDOWS\SYSTEM32\VERSION.dll
0x00007ffd41ae0000 - 0x00007ffd41b4b000 	C:\WINDOWS\System32\WS2_32.dll
0x00007ffd31f00000 - 0x00007ffd31f0f000 	C:\Users\Martin Zarecky\.jdks\corretto-1.8.0_352\jre\bin\verify.dll
0x00007ffd00d00000 - 0x00007ffd00d29000 	C:\Users\Martin Zarecky\.jdks\corretto-1.8.0_352\jre\bin\java.dll
0x00007ffcfb6a0000 - 0x00007ffcfb6ca000 	C:\Users\Martin Zarecky\.jdks\corretto-1.8.0_352\jre\bin\instrument.dll
0x00007ffd01690000 - 0x00007ffd016a6000 	C:\Users\Martin Zarecky\.jdks\corretto-1.8.0_352\jre\bin\zip.dll
0x00007ffd42090000 - 0x00007ffd427d3000 	C:\WINDOWS\System32\SHELL32.dll
0x00007ffd3e2f0000 - 0x00007ffd3ea82000 	C:\WINDOWS\SYSTEM32\windows.storage.dll
0x00007ffd40db0000 - 0x00007ffd41104000 	C:\WINDOWS\System32\combase.dll
0x00007ffd3fdf0000 - 0x00007ffd3fe20000 	C:\WINDOWS\SYSTEM32\Wldp.dll
0x00007ffd41360000 - 0x00007ffd4140d000 	C:\WINDOWS\System32\SHCORE.dll
0x00007ffd419c0000 - 0x00007ffd41a15000 	C:\WINDOWS\System32\shlwapi.dll
0x00007ffd402d0000 - 0x00007ffd402ef000 	C:\WINDOWS\SYSTEM32\profapi.dll
0x00007ffd3afa0000 - 0x00007ffd3afba000 	D:\Programfiles\IntelliJ IDEA 2022.3\bin\breakgen64.dll
0x00007ffd01280000 - 0x00007ffd0129a000 	C:\Users\Martin Zarecky\.jdks\corretto-1.8.0_352\jre\bin\net.dll
0x00007ffd3fb50000 - 0x00007ffd3fbba000 	C:\WINDOWS\system32\mswsock.dll
0x00007ffcfb1f0000 - 0x00007ffcfb69a000 	D:\VUT\3_Rocnik\Bakalarska prace\Aplikace\DNP3_Master\libs\opendnp3java.dll
0x00007ffd29cf0000 - 0x00007ffd29cff000 	C:\WINDOWS\SYSTEM32\VCRUNTIME140_1D.dll
0x00007ffd13b10000 - 0x00007ffd13b3a000 	C:\WINDOWS\SYSTEM32\VCRUNTIME140D.dll
0x00007ffcfaf30000 - 0x00007ffcfb017000 	C:\WINDOWS\SYSTEM32\MSVCP140D.dll
0x00007ffcfb020000 - 0x00007ffcfb1e3000 	C:\WINDOWS\SYSTEM32\ucrtbased.dll
0x00007ffd3ec30000 - 0x00007ffd3ec42000 	C:\WINDOWS\SYSTEM32\kernel.appcore.dll
0x00007ffd3e100000 - 0x00007ffd3e2e4000 	C:\WINDOWS\SYSTEM32\dbghelp.dll
0x00007ffd404c0000 - 0x00007ffd40542000 	C:\WINDOWS\System32\bcryptPrimitives.dll

VM Arguments:
jvm_args: -Djava.library.path=D:\VUT\3_Rocnik\Bakalarska prace\Aplikace\DNP3_Master\libs -javaagent:D:\Programfiles\IntelliJ IDEA 2022.3\lib\idea_rt.jar=52435:D:\Programfiles\IntelliJ IDEA 2022.3\bin -Dfile.encoding=UTF-8 
java_command: Main
java_class_path (initial): C:\Users\Martin Zarecky\.jdks\corretto-1.8.0_352\jre\lib\charsets.jar;C:\Users\Martin Zarecky\.jdks\corretto-1.8.0_352\jre\lib\ext\access-bridge-64.jar;C:\Users\Martin Zarecky\.jdks\corretto-1.8.0_352\jre\lib\ext\cldrdata.jar;C:\Users\Martin Zarecky\.jdks\corretto-1.8.0_352\jre\lib\ext\dnsns.jar;C:\Users\Martin Zarecky\.jdks\corretto-1.8.0_352\jre\lib\ext\jaccess.jar;C:\Users\Martin Zarecky\.jdks\corretto-1.8.0_352\jre\lib\ext\jfxrt.jar;C:\Users\Martin Zarecky\.jdks\corretto-1.8.0_352\jre\lib\ext\localedata.jar;C:\Users\Martin Zarecky\.jdks\corretto-1.8.0_352\jre\lib\ext\nashorn.jar;C:\Users\Martin Zarecky\.jdks\corretto-1.8.0_352\jre\lib\ext\sunec.jar;C:\Users\Martin Zarecky\.jdks\corretto-1.8.0_352\jre\lib\ext\sunjce_provider.jar;C:\Users\Martin Zarecky\.jdks\corretto-1.8.0_352\jre\lib\ext\sunmscapi.jar;C:\Users\Martin Zarecky\.jdks\corretto-1.8.0_352\jre\lib\ext\sunpkcs11.jar;C:\Users\Martin Zarecky\.jdks\corretto-1.8.0_352\jre\lib\ext\zipfs.jar;C:\Users\Martin Zarecky\.jdks\corretto-1.8.0_352\jre\lib\jce.jar;C:\Users\Martin Zarecky\.jdks\corretto-1.8.0_352\jre\lib\jfr.jar;C:\Users\Martin Zarecky\.jdks\corretto-1.8.0_352\jre\lib\jfxswt.jar;C:\Users\Martin Zarecky\.jdks\corretto-1.8.0_352\jre\lib\jsse.jar;C:\Users\Martin Zarecky\.jdks\corretto-1.8.0_352\jre\lib\management-agent.jar;C:\Users\Martin Zarecky\.jdks\corretto-1.8.0_352\jre\lib\resources.jar;C:\Users\Martin Zarecky\.jdks\corretto-1.8.0_352\jre\lib\rt.jar;D:\VUT\3_Rocnik\Bakalarska prace\Aplikace\DNP3_Master\out\production\DNP3_Master;D:\VUT\3_Rocnik\Bakalarska prace\Aplikace\DNP3_Master\libs\opendnp3-bindings-3.1.2.jar;D:\Programfiles\IntelliJ IDEA 2022.3\lib\idea_rt.jar
Launcher Type: SUN_STANDARD

Environment Variables:
JAVA_HOME=C:\Program Files (x86)\Java\jdk1.8.0_192
PATH=C:\Windows;C:\Program Files (x86)\Common Files\Oracle\Java\javapath;C:\Program Files (x86)\Intel\iCLS Client\;C:\Program Files\Intel\iCLS Client\;C:\windows\system32;C:\windows;C:\windows\System32\Wbem;C:\windows\System32\WindowsPowerShell\v1.0\;C:\Program Files (x86)\Intel\Intel(R) Management Engine Components\DAL;C:\Program Files\Intel\Intel(R) Management Engine Components\DAL;C:\Program Files (x86)\Intel\Intel(R) Management Engine Components\IPT;C:\Program Files\Intel\Intel(R) Management Engine Components\IPT;C:\WINDOWS\system32;C:\WINDOWS;C:\WINDOWS\System32\Wbem;C:\WINDOWS\System32\WindowsPowerShell\v1.0\;C:\WINDOWS\System32\OpenSSH\;C:\Program Files\dotnet\;C:\Program Files\NVIDIA Corporation\NVIDIA NvDLISR;C:\Program Files\Microsoft SQL Server\130\Tools\Binn\;C:\Program Files\Microsoft SQL Server\Client SDK\ODBC\170\Tools\Binn\;C:\WINDOWS\system32;C:\WINDOWS;C:\WINDOWS\System32\Wbem;C:\WINDOWS\System32\WindowsPowerShell\v1.0\;C:\WINDOWS\System32\OpenSSH\;D:\Programfiles\MathLab\bin;C:\Program Files\Microsoft SQL Server\120\Tools\Binn\;C:\Program Files\Microsoft SQL Server\Client SDK\ODBC\110\Tools\Binn\;C:\Program Files (x86)\Microsoft SQL Server\120\Tools\Binn\;C:\Program Files\Microsoft SQL Server\120\DTS\Binn\;C:\Program Files (x86)\Windows Kits\8.1\Windows Performance Toolkit\;D:\Programfiles\;C:\Program Files (x86)\NVIDIA Corporation\PhysX\Common;C:\Program Files\CMake\bin;C:\Program Files\Java\jdk1.8.0_192\bin
USERNAME=Martin Zarecky
OS=Windows_NT
PROCESSOR_IDENTIFIER=Intel64 Family 6 Model 158 Stepping 9, GenuineIntel



---------------  S Y S T E M  ---------------

OS: Windows 10 , 64 bit Build 19041 (10.0.19041.2251)

CPU:total 8 (initial active 8) (4 cores per cpu, 2 threads per core) family 6 model 158 stepping 9, cmov, cx8, fxsr, mmx, sse, sse2, sse3, ssse3, sse4.1, sse4.2, popcnt, avx, avx2, aes, clmul, erms, 3dnowpref, lzcnt, ht, tsc, tscinvbit, bmi1, bmi2, adx

Memory: 4k page, physical 16659684k(8359104k free), swap 22164708k(10977708k free)

vm_info: OpenJDK 64-Bit Server VM (25.352-b08) for windows-amd64 JRE (1.8.0_352-b08), built on Oct 14 2022 21:22:09 by "Administrator" with MS VC++ 12.0 (VS2013)

time: Sat Dec 10 01:27:26 2022
timezone: Central Europe Standard Time
elapsed time: 21.588987 seconds (0d 0h 0m 21s)

