#
# A fatal error has been detected by the Java Runtime Environment:
#
#  EXCEPTION_ACCESS_VIOLATION (0xc0000005) at pc=0x00007fffb54c50d0, pid=6684, tid=21844
#
# JRE version: OpenJDK Runtime Environment (19.0.1+10) (build 19.0.1+10-21)
# Java VM: OpenJDK 64-Bit Server VM (19.0.1+10-21, mixed mode, sharing, tiered, compressed oops, compressed class ptrs, g1 gc, windows-amd64)
# Problematic frame:
# V  [jvm.dll+0x150d0]
#
# No core dump will be written. Minidumps are not enabled by default on client versions of Windows
#
# If you would like to submit a bug report, please visit:
#   https://bugreport.java.com/bugreport/crash.jsp
#

---------------  S U M M A R Y ------------

Command Line: -Djava.library.path=D:\VUT\3_Rocnik\Bakalarska prace\Aplikace\DNP3_Outstation\libs -javaagent:D:\Programfiles\IntelliJ IDEA 2022.3\lib\idea_rt.jar=53424:D:\Programfiles\IntelliJ IDEA 2022.3\bin -Dfile.encoding=UTF-8 -Dsun.stdout.encoding=UTF-8 -Dsun.stderr.encoding=UTF-8 Main

Host: Intel(R) Core(TM) i7-7700HQ CPU @ 2.80GHz, 8 cores, 15G,  Windows 10 , 64 bit Build 19041 (10.0.19041.2546)
Time: Sat Apr  1 13:28:16 2023 Central Europe Daylight Time elapsed time: 9.661503 seconds (0d 0h 0m 9s)

---------------  T H R E A D  ---------------

Current thread (0x000001e7f2e1f7e0):  JavaThread "main" [_thread_in_vm, id=21844, stack(0x00000094e0300000,0x00000094e0400000)]

Stack: [0x00000094e0300000,0x00000094e0400000],  sp=0x00000094e03ff128,  free space=1020k
Native frames: (J=compiled Java code, j=interpreted, Vv=VM code, C=native code)
V  [jvm.dll+0x150d0]

Java frames: (J=compiled Java code, j=interpreted, Vv=VM code)
j  com.automatak.dnp3.impl.ManagerImpl.get_native_channel_tcp_server(JLjava/lang/String;IILcom/automatak/dnp3/IPEndpoint;Lcom/automatak/dnp3/ChannelListener;)J+0
j  com.automatak.dnp3.impl.ManagerImpl.addTCPServer(Ljava/lang/String;ILcom/automatak/dnp3/enums/ServerAcceptMode;Lcom/automatak/dnp3/IPEndpoint;Lcom/automatak/dnp3/ChannelListener;)Lcom/automatak/dnp3/Channel;+34
j  Main.run(Lcom/automatak/dnp3/DNP3Manager;Ljava/lang/String;I)V+23
j  Main.main([Ljava/lang/String;)V+328
v  ~StubRoutines::call_stub 0x000001e78753100e

siginfo: EXCEPTION_ACCESS_VIOLATION (0xc0000005), reading address 0x0000000000000000


Registers:
RAX=0x0000000000000000, RBX=0x000001e7f2e1f7e0, RCX=0x0000000000000000, RDX=0x0000000000000000
RSP=0x00000094e03ff128, RBP=0x00000094e03ff660, RSI=0x0000000000000000, RDI=0x0000000000000000
R8 =0x0000000000000000, R9 =0x0000000711778d10, R10=0x000001e79b110986, R11=0x000001e79b110980
R12=0x0000000000000000, R13=0x000001e7974429d8, R14=0x0000000000000000, R15=0x000001e7f2e1f7e0
RIP=0x00007fffb54c50d0, EFLAGS=0x0000000000010246


Register to memory mapping:

RIP=0x00007fffb54c50d0 jvm.dll
RAX=0x0 is NULL
RBX=0x000001e7f2e1f7e0 is a thread
RCX=0x0 is NULL
RDX=0x0 is NULL
RSP=0x00000094e03ff128 is pointing into the stack for thread: 0x000001e7f2e1f7e0
RBP=0x00000094e03ff660 is pointing into the stack for thread: 0x000001e7f2e1f7e0
RSI=0x0 is NULL
RDI=0x0 is NULL
R8 =0x0 is NULL
R9 =0x0000000711778d10 is an oop: com.automatak.dnp3.IPEndpoint 
{0x0000000711778d10} - klass: 'com/automatak/dnp3/IPEndpoint'
 - ---- fields (total size 3 words):
 - public final 'port' 'I' @12  20000 (4e20)
 - public final 'address' 'Ljava/lang/String;' @16  NULL (0)
R10=0x000001e79b110986 points into unknown readable memory: 00 72
R11=0x000001e79b110980 points into unknown readable memory: 0x7200746e65696c63 | 63 6c 69 65 6e 74 00 72
R12=0x0 is NULL
R13={method} {0x000001e7974429e0} 'get_native_channel_tcp_server' '(JLjava/lang/String;IILcom/automatak/dnp3/IPEndpoint;Lcom/automatak/dnp3/ChannelListener;)J' in 'com/automatak/dnp3/impl/ManagerImpl'
R14=0x0 is NULL
R15=0x000001e7f2e1f7e0 is a thread


Top of Stack: (sp=0x00000094e03ff128)
0x00000094e03ff128:   00007fffb58f0b02 0000000000000009
0x00000094e03ff138:   00007ff81caefde6 000001e7f2e1f7e0
0x00000094e03ff148:   0000000000000000 000001e7f2e1f7e0
0x00000094e03ff158:   0000000000000000 00000094e03ff190
0x00000094e03ff168:   00007fffcbbdae65 00000094e03ff1b0
0x00000094e03ff178:   000000071191fb34 000001e7974429d8
0x00000094e03ff188:   00007fffcbb97c95 00000094e03ff660
0x00000094e03ff198:   00000094e03ff6b8 cccccccccccccccc
0x00000094e03ff1a8:   cccccccccccccccc 00000094e03ff1e0
0x00000094e03ff1b8:   00007fffcbb952d8 000001e7f2e1fac0
0x00000094e03ff1c8:   0000000000000000 0000000000000000
0x00000094e03ff1d8:   cccccccccccccccc 00000094e03ff2d0
0x00000094e03ff1e8:   00007fffcbba8d84 00000094e03ff248
0x00000094e03ff1f8:   000001e7f2e1fac0 0000000000000000
0x00000094e03ff208:   00000094e03ff688 cccccccccccccccc
0x00000094e03ff218:   000001e7f2e1fac0 0000000000000000 

Instructions: (pc=0x00007fffb54c50d0)
0x00007fffb54c4fd0:   ec 12 b3 00 48 83 c4 20 5b 48 ff e0 48 8d 05 ed
0x00007fffb54c4fe0:   00 00 00 48 8b cb 48 89 05 d3 12 b3 00 48 83 c4
0x00007fffb54c4ff0:   20 5b 48 ff e0 48 8d 05 d4 00 00 00 48 8b cb 48
0x00007fffb54c5000:   89 05 ba 12 b3 00 48 83 c4 20 5b 48 ff e0 48 8b
0x00007fffb54c5010:   0d ab 09 bb 00 8b 51 10 83 ea 01 0f 84 91 00 00
0x00007fffb54c5020:   00 83 ea 01 74 73 83 ea 01 74 55 83 fa 01 74 37
0x00007fffb54c5030:   4c 8d 0d 49 75 8a 00 41 b8 e2 00 00 00 48 8d 15
0x00007fffb54c5040:   74 75 8a 00 b9 00 00 00 e0 e8 72 d5 26 00 e8 5d
0x00007fffb54c5050:   92 6d 00 33 c0 48 8b cb 48 89 05 61 12 b3 00 48
0x00007fffb54c5060:   83 c4 20 5b 48 ff e0 48 8d 05 72 00 00 00 48 8b
0x00007fffb54c5070:   cb 48 89 05 48 12 b3 00 48 83 c4 20 5b 48 ff e0
0x00007fffb54c5080:   48 8d 05 49 00 00 00 48 8b cb 48 89 05 2f 12 b3
0x00007fffb54c5090:   00 48 83 c4 20 5b 48 ff e0 48 8d 05 30 00 00 00
0x00007fffb54c50a0:   48 8b cb 48 89 05 16 12 b3 00 48 83 c4 20 5b 48
0x00007fffb54c50b0:   ff e0 48 8d 05 17 00 00 00 48 8b cb 48 89 05 fd
0x00007fffb54c50c0:   11 b3 00 48 83 c4 20 5b 48 ff e0 cc cc cc cc cc
0x00007fffb54c50d0:   48 8b 01 c3 cc cc cc cc cc cc cc cc cc cc cc cc
0x00007fffb54c50e0:   48 89 5c 24 08 57 48 83 ec 20 48 8b 39 48 8b d9
0x00007fffb54c50f0:   48 85 3d a1 5b c0 00 75 0e 48 8b c7 48 8b 5c 24
0x00007fffb54c5100:   30 48 83 c4 20 5f c3 48 8b cf e8 c1 2e 87 00 48
0x00007fffb54c5110:   8b d0 48 85 c0 74 20 48 8b c7 f0 48 0f b1 13 74
0x00007fffb54c5120:   16 48 85 05 70 5b c0 00 74 0d 48 8b c8 f0 48 0f
0x00007fffb54c5130:   b1 13 48 3b c1 75 ea 48 8b 5c 24 30 48 8b c2 48
0x00007fffb54c5140:   83 c4 20 5f c3 cc cc cc cc cc cc cc cc cc cc cc
0x00007fffb54c5150:   8b 44 24 30 45 03 c9 44 2b 4c 24 28 83 c0 0b 44
0x00007fffb54c5160:   03 ca 45 03 c8 41 03 c1 c3 cc cc cc cc cc cc cc
0x00007fffb54c5170:   48 8b 41 08 0f b7 48 2a 0f b7 40 28 83 c0 48 03
0x00007fffb54c5180:   c1 c3 cc cc cc cc cc cc cc cc cc cc cc cc cc cc
0x00007fffb54c5190:   48 89 5c 24 08 57 48 83 ec 20 0f b6 05 5f 64 c0
0x00007fffb54c51a0:   00 48 8b fa 48 8b d9 84 c0 74 4f 48 85 15 e6 5a
0x00007fffb54c51b0:   c0 00 74 38 48 8b ca e8 24 31 87 00 48 8b d0 48
0x00007fffb54c51c0:   85 db 74 25 48 85 c0 74 20 48 8b c7 f0 48 0f b1 


Stack slot to memory mapping:
stack at sp + 0 slots: 0x00007fffb58f0b02 jvm.dll
stack at sp + 1 slots: 0x0000000000000009 is an unknown value
stack at sp + 2 slots: 0x00007ff81caefde6 ucrtbase.dll
stack at sp + 3 slots: 0x000001e7f2e1f7e0 is a thread
stack at sp + 4 slots: 0x0 is NULL
stack at sp + 5 slots: 0x000001e7f2e1f7e0 is a thread
stack at sp + 6 slots: 0x0 is NULL
stack at sp + 7 slots: 0x00000094e03ff190 is pointing into the stack for thread: 0x000001e7f2e1f7e0


---------------  P R O C E S S  ---------------

Threads class SMR info:
_java_thread_list=0x000001e79b347310, length=14, elements={
0x000001e7f2e1f7e0, 0x000001e7ff2d7f20, 0x000001e7ff2d8eb0, 0x000001e7ff2deaa0,
0x000001e7ff2e03e0, 0x000001e7ff2e36a0, 0x000001e7ff2e6c40, 0x000001e7ff2e9a10,
0x000001e7ff2ec470, 0x000001e7ff2f75c0, 0x000001e79b1c2fb0, 0x000001e79b1c2a60,
0x000001e79b1c3500, 0x000001e79b1c3fa0
}

Java Threads: ( => current thread )
=>0x000001e7f2e1f7e0 JavaThread "main" [_thread_in_vm, id=21844, stack(0x00000094e0300000,0x00000094e0400000)]
  0x000001e7ff2d7f20 JavaThread "Reference Handler" daemon [_thread_blocked, id=10296, stack(0x00000094e0a00000,0x00000094e0b00000)]
  0x000001e7ff2d8eb0 JavaThread "Finalizer" daemon [_thread_blocked, id=13840, stack(0x00000094e0b00000,0x00000094e0c00000)]
  0x000001e7ff2deaa0 JavaThread "Signal Dispatcher" daemon [_thread_blocked, id=2324, stack(0x00000094e0c00000,0x00000094e0d00000)]
  0x000001e7ff2e03e0 JavaThread "Attach Listener" daemon [_thread_blocked, id=16168, stack(0x00000094e0d00000,0x00000094e0e00000)]
  0x000001e7ff2e36a0 JavaThread "Service Thread" daemon [_thread_blocked, id=5748, stack(0x00000094e0e00000,0x00000094e0f00000)]
  0x000001e7ff2e6c40 JavaThread "Monitor Deflation Thread" daemon [_thread_blocked, id=8504, stack(0x00000094e0f00000,0x00000094e1000000)]
  0x000001e7ff2e9a10 JavaThread "C2 CompilerThread0" daemon [_thread_blocked, id=6688, stack(0x00000094e1000000,0x00000094e1100000)]
  0x000001e7ff2ec470 JavaThread "C1 CompilerThread0" daemon [_thread_blocked, id=13944, stack(0x00000094e1100000,0x00000094e1200000)]
  0x000001e7ff2f75c0 JavaThread "Sweeper thread" daemon [_thread_blocked, id=12104, stack(0x00000094e1200000,0x00000094e1300000)]
  0x000001e79b1c2fb0 JavaThread "Common-Cleaner" daemon [_thread_blocked, id=16116, stack(0x00000094e1300000,0x00000094e1400000)]
  0x000001e79b1c2a60 JavaThread "Monitor Ctrl-Break" daemon [_thread_in_native, id=10120, stack(0x00000094e1400000,0x00000094e1500000)]
  0x000001e79b1c3500 JavaThread "Notification Thread" daemon [_thread_blocked, id=15200, stack(0x00000094e1500000,0x00000094e1600000)]
  0x000001e79b1c3fa0 JavaThread "Thread-0" [_thread_in_native, id=20936, stack(0x00000094e1700000,0x00000094e1800000)]

Other Threads:
  0x000001e7ff2ba090 VMThread "VM Thread" [stack: 0x00000094e0900000,0x00000094e0a00000] [id=16464]
  0x000001e79b2dad80 WatcherThread "VM Periodic Task Thread" [stack: 0x00000094e1600000,0x00000094e1700000] [id=9708]
  0x000001e7f2e8f870 WorkerThread "GC Thread#0" [stack: 0x00000094e0400000,0x00000094e0500000] [id=15664]
  0x000001e7f2ea16d0 ConcurrentGCThread "G1 Main Marker" [stack: 0x00000094e0500000,0x00000094e0600000] [id=9556]
  0x000001e7f2ea37c0 WorkerThread "G1 Conc#0" [stack: 0x00000094e0600000,0x00000094e0700000] [id=10344]
  0x000001e7ff177100 ConcurrentGCThread "G1 Refine#0" [stack: 0x00000094e0700000,0x00000094e0800000] [id=16988]
  0x000001e7ff177a50 ConcurrentGCThread "G1 Service" [stack: 0x00000094e0800000,0x00000094e0900000] [id=14004]

Threads with active compile tasks:

VM state: not at safepoint (normal execution)

VM Mutex/Monitor currently owned by a thread: None

Heap address: 0x0000000701c00000, size: 4068 MB, Compressed Oops mode: Zero based, Oop shift amount: 3

CDS archive(s) mapped at: [0x0000000800000000-0x0000000800c30000-0x0000000800c30000), size 12779520, SharedBaseAddress: 0x0000000800000000, ArchiveRelocationMode: 0.
Compressed class space mapped at: 0x0000000801000000-0x0000000841000000, reserved size: 1073741824
Narrow klass base: 0x0000000800000000, Narrow klass shift: 0, Narrow klass range: 0x100000000

GC Precious Log:
 CardTable entry size: 512
 Card Set container configuration: InlinePtr #cards 4 size 8 Array Of Cards #cards 16 size 48 Howl #buckets 8 coarsen threshold 3686 Howl Bitmap #cards 512 size 80 coarsen threshold 460 Card regions per heap region 1 cards per card region 4096
 CPUs: 8 total, 8 available
 Memory: 16269M
 Large Page Support: Disabled
 NUMA Support: Disabled
 Compressed Oops: Enabled (Zero based)
 Heap Region Size: 2M
 Heap Min Capacity: 8M
 Heap Initial Capacity: 256M
 Heap Max Capacity: 4068M
 Pre-touch: Disabled
 Parallel Workers: 8
 Concurrent Workers: 2
 Concurrent Refinement Workers: 8
 Periodic GC: Disabled

Heap:
 garbage-first heap   total 262144K, used 4096K [0x0000000701c00000, 0x0000000800000000)
  region size 2048K, 3 young (6144K), 0 survivors (0K)
 Metaspace       used 1623K, committed 1792K, reserved 1114112K
  class space    used 170K, committed 256K, reserved 1048576K

Heap Regions: E=young(eden), S=young(survivor), O=old, HS=humongous(starts), HC=humongous(continues), CS=collection set, F=free, OA=open archive, CA=closed archive, TAMS=top-at-mark-start (previous, next)
|   0|0x0000000701c00000, 0x0000000701c00000, 0x0000000701e00000|  0%| F|  |TAMS 0x0000000701c00000, 0x0000000701c00000| Untracked 
|   1|0x0000000701e00000, 0x0000000701e00000, 0x0000000702000000|  0%| F|  |TAMS 0x0000000701e00000, 0x0000000701e00000| Untracked 
|   2|0x0000000702000000, 0x0000000702000000, 0x0000000702200000|  0%| F|  |TAMS 0x0000000702000000, 0x0000000702000000| Untracked 
|   3|0x0000000702200000, 0x0000000702200000, 0x0000000702400000|  0%| F|  |TAMS 0x0000000702200000, 0x0000000702200000| Untracked 
|   4|0x0000000702400000, 0x0000000702400000, 0x0000000702600000|  0%| F|  |TAMS 0x0000000702400000, 0x0000000702400000| Untracked 
|   5|0x0000000702600000, 0x0000000702600000, 0x0000000702800000|  0%| F|  |TAMS 0x0000000702600000, 0x0000000702600000| Untracked 
|   6|0x0000000702800000, 0x0000000702800000, 0x0000000702a00000|  0%| F|  |TAMS 0x0000000702800000, 0x0000000702800000| Untracked 
|   7|0x0000000702a00000, 0x0000000702a00000, 0x0000000702c00000|  0%| F|  |TAMS 0x0000000702a00000, 0x0000000702a00000| Untracked 
|   8|0x0000000702c00000, 0x0000000702c00000, 0x0000000702e00000|  0%| F|  |TAMS 0x0000000702c00000, 0x0000000702c00000| Untracked 
|   9|0x0000000702e00000, 0x0000000702e00000, 0x0000000703000000|  0%| F|  |TAMS 0x0000000702e00000, 0x0000000702e00000| Untracked 
|  10|0x0000000703000000, 0x0000000703000000, 0x0000000703200000|  0%| F|  |TAMS 0x0000000703000000, 0x0000000703000000| Untracked 
|  11|0x0000000703200000, 0x0000000703200000, 0x0000000703400000|  0%| F|  |TAMS 0x0000000703200000, 0x0000000703200000| Untracked 
|  12|0x0000000703400000, 0x0000000703400000, 0x0000000703600000|  0%| F|  |TAMS 0x0000000703400000, 0x0000000703400000| Untracked 
|  13|0x0000000703600000, 0x0000000703600000, 0x0000000703800000|  0%| F|  |TAMS 0x0000000703600000, 0x0000000703600000| Untracked 
|  14|0x0000000703800000, 0x0000000703800000, 0x0000000703a00000|  0%| F|  |TAMS 0x0000000703800000, 0x0000000703800000| Untracked 
|  15|0x0000000703a00000, 0x0000000703a00000, 0x0000000703c00000|  0%| F|  |TAMS 0x0000000703a00000, 0x0000000703a00000| Untracked 
|  16|0x0000000703c00000, 0x0000000703c00000, 0x0000000703e00000|  0%| F|  |TAMS 0x0000000703c00000, 0x0000000703c00000| Untracked 
|  17|0x0000000703e00000, 0x0000000703e00000, 0x0000000704000000|  0%| F|  |TAMS 0x0000000703e00000, 0x0000000703e00000| Untracked 
|  18|0x0000000704000000, 0x0000000704000000, 0x0000000704200000|  0%| F|  |TAMS 0x0000000704000000, 0x0000000704000000| Untracked 
|  19|0x0000000704200000, 0x0000000704200000, 0x0000000704400000|  0%| F|  |TAMS 0x0000000704200000, 0x0000000704200000| Untracked 
|  20|0x0000000704400000, 0x0000000704400000, 0x0000000704600000|  0%| F|  |TAMS 0x0000000704400000, 0x0000000704400000| Untracked 
|  21|0x0000000704600000, 0x0000000704600000, 0x0000000704800000|  0%| F|  |TAMS 0x0000000704600000, 0x0000000704600000| Untracked 
|  22|0x0000000704800000, 0x0000000704800000, 0x0000000704a00000|  0%| F|  |TAMS 0x0000000704800000, 0x0000000704800000| Untracked 
|  23|0x0000000704a00000, 0x0000000704a00000, 0x0000000704c00000|  0%| F|  |TAMS 0x0000000704a00000, 0x0000000704a00000| Untracked 
|  24|0x0000000704c00000, 0x0000000704c00000, 0x0000000704e00000|  0%| F|  |TAMS 0x0000000704c00000, 0x0000000704c00000| Untracked 
|  25|0x0000000704e00000, 0x0000000704e00000, 0x0000000705000000|  0%| F|  |TAMS 0x0000000704e00000, 0x0000000704e00000| Untracked 
|  26|0x0000000705000000, 0x0000000705000000, 0x0000000705200000|  0%| F|  |TAMS 0x0000000705000000, 0x0000000705000000| Untracked 
|  27|0x0000000705200000, 0x0000000705200000, 0x0000000705400000|  0%| F|  |TAMS 0x0000000705200000, 0x0000000705200000| Untracked 
|  28|0x0000000705400000, 0x0000000705400000, 0x0000000705600000|  0%| F|  |TAMS 0x0000000705400000, 0x0000000705400000| Untracked 
|  29|0x0000000705600000, 0x0000000705600000, 0x0000000705800000|  0%| F|  |TAMS 0x0000000705600000, 0x0000000705600000| Untracked 
|  30|0x0000000705800000, 0x0000000705800000, 0x0000000705a00000|  0%| F|  |TAMS 0x0000000705800000, 0x0000000705800000| Untracked 
|  31|0x0000000705a00000, 0x0000000705a00000, 0x0000000705c00000|  0%| F|  |TAMS 0x0000000705a00000, 0x0000000705a00000| Untracked 
|  32|0x0000000705c00000, 0x0000000705c00000, 0x0000000705e00000|  0%| F|  |TAMS 0x0000000705c00000, 0x0000000705c00000| Untracked 
|  33|0x0000000705e00000, 0x0000000705e00000, 0x0000000706000000|  0%| F|  |TAMS 0x0000000705e00000, 0x0000000705e00000| Untracked 
|  34|0x0000000706000000, 0x0000000706000000, 0x0000000706200000|  0%| F|  |TAMS 0x0000000706000000, 0x0000000706000000| Untracked 
|  35|0x0000000706200000, 0x0000000706200000, 0x0000000706400000|  0%| F|  |TAMS 0x0000000706200000, 0x0000000706200000| Untracked 
|  36|0x0000000706400000, 0x0000000706400000, 0x0000000706600000|  0%| F|  |TAMS 0x0000000706400000, 0x0000000706400000| Untracked 
|  37|0x0000000706600000, 0x0000000706600000, 0x0000000706800000|  0%| F|  |TAMS 0x0000000706600000, 0x0000000706600000| Untracked 
|  38|0x0000000706800000, 0x0000000706800000, 0x0000000706a00000|  0%| F|  |TAMS 0x0000000706800000, 0x0000000706800000| Untracked 
|  39|0x0000000706a00000, 0x0000000706a00000, 0x0000000706c00000|  0%| F|  |TAMS 0x0000000706a00000, 0x0000000706a00000| Untracked 
|  40|0x0000000706c00000, 0x0000000706c00000, 0x0000000706e00000|  0%| F|  |TAMS 0x0000000706c00000, 0x0000000706c00000| Untracked 
|  41|0x0000000706e00000, 0x0000000706e00000, 0x0000000707000000|  0%| F|  |TAMS 0x0000000706e00000, 0x0000000706e00000| Untracked 
|  42|0x0000000707000000, 0x0000000707000000, 0x0000000707200000|  0%| F|  |TAMS 0x0000000707000000, 0x0000000707000000| Untracked 
|  43|0x0000000707200000, 0x0000000707200000, 0x0000000707400000|  0%| F|  |TAMS 0x0000000707200000, 0x0000000707200000| Untracked 
|  44|0x0000000707400000, 0x0000000707400000, 0x0000000707600000|  0%| F|  |TAMS 0x0000000707400000, 0x0000000707400000| Untracked 
|  45|0x0000000707600000, 0x0000000707600000, 0x0000000707800000|  0%| F|  |TAMS 0x0000000707600000, 0x0000000707600000| Untracked 
|  46|0x0000000707800000, 0x0000000707800000, 0x0000000707a00000|  0%| F|  |TAMS 0x0000000707800000, 0x0000000707800000| Untracked 
|  47|0x0000000707a00000, 0x0000000707a00000, 0x0000000707c00000|  0%| F|  |TAMS 0x0000000707a00000, 0x0000000707a00000| Untracked 
|  48|0x0000000707c00000, 0x0000000707c00000, 0x0000000707e00000|  0%| F|  |TAMS 0x0000000707c00000, 0x0000000707c00000| Untracked 
|  49|0x0000000707e00000, 0x0000000707e00000, 0x0000000708000000|  0%| F|  |TAMS 0x0000000707e00000, 0x0000000707e00000| Untracked 
|  50|0x0000000708000000, 0x0000000708000000, 0x0000000708200000|  0%| F|  |TAMS 0x0000000708000000, 0x0000000708000000| Untracked 
|  51|0x0000000708200000, 0x0000000708200000, 0x0000000708400000|  0%| F|  |TAMS 0x0000000708200000, 0x0000000708200000| Untracked 
|  52|0x0000000708400000, 0x0000000708400000, 0x0000000708600000|  0%| F|  |TAMS 0x0000000708400000, 0x0000000708400000| Untracked 
|  53|0x0000000708600000, 0x0000000708600000, 0x0000000708800000|  0%| F|  |TAMS 0x0000000708600000, 0x0000000708600000| Untracked 
|  54|0x0000000708800000, 0x0000000708800000, 0x0000000708a00000|  0%| F|  |TAMS 0x0000000708800000, 0x0000000708800000| Untracked 
|  55|0x0000000708a00000, 0x0000000708a00000, 0x0000000708c00000|  0%| F|  |TAMS 0x0000000708a00000, 0x0000000708a00000| Untracked 
|  56|0x0000000708c00000, 0x0000000708c00000, 0x0000000708e00000|  0%| F|  |TAMS 0x0000000708c00000, 0x0000000708c00000| Untracked 
|  57|0x0000000708e00000, 0x0000000708e00000, 0x0000000709000000|  0%| F|  |TAMS 0x0000000708e00000, 0x0000000708e00000| Untracked 
|  58|0x0000000709000000, 0x0000000709000000, 0x0000000709200000|  0%| F|  |TAMS 0x0000000709000000, 0x0000000709000000| Untracked 
|  59|0x0000000709200000, 0x0000000709200000, 0x0000000709400000|  0%| F|  |TAMS 0x0000000709200000, 0x0000000709200000| Untracked 
|  60|0x0000000709400000, 0x0000000709400000, 0x0000000709600000|  0%| F|  |TAMS 0x0000000709400000, 0x0000000709400000| Untracked 
|  61|0x0000000709600000, 0x0000000709600000, 0x0000000709800000|  0%| F|  |TAMS 0x0000000709600000, 0x0000000709600000| Untracked 
|  62|0x0000000709800000, 0x0000000709800000, 0x0000000709a00000|  0%| F|  |TAMS 0x0000000709800000, 0x0000000709800000| Untracked 
|  63|0x0000000709a00000, 0x0000000709a00000, 0x0000000709c00000|  0%| F|  |TAMS 0x0000000709a00000, 0x0000000709a00000| Untracked 
|  64|0x0000000709c00000, 0x0000000709c00000, 0x0000000709e00000|  0%| F|  |TAMS 0x0000000709c00000, 0x0000000709c00000| Untracked 
|  65|0x0000000709e00000, 0x0000000709e00000, 0x000000070a000000|  0%| F|  |TAMS 0x0000000709e00000, 0x0000000709e00000| Untracked 
|  66|0x000000070a000000, 0x000000070a000000, 0x000000070a200000|  0%| F|  |TAMS 0x000000070a000000, 0x000000070a000000| Untracked 
|  67|0x000000070a200000, 0x000000070a200000, 0x000000070a400000|  0%| F|  |TAMS 0x000000070a200000, 0x000000070a200000| Untracked 
|  68|0x000000070a400000, 0x000000070a400000, 0x000000070a600000|  0%| F|  |TAMS 0x000000070a400000, 0x000000070a400000| Untracked 
|  69|0x000000070a600000, 0x000000070a600000, 0x000000070a800000|  0%| F|  |TAMS 0x000000070a600000, 0x000000070a600000| Untracked 
|  70|0x000000070a800000, 0x000000070a800000, 0x000000070aa00000|  0%| F|  |TAMS 0x000000070a800000, 0x000000070a800000| Untracked 
|  71|0x000000070aa00000, 0x000000070aa00000, 0x000000070ac00000|  0%| F|  |TAMS 0x000000070aa00000, 0x000000070aa00000| Untracked 
|  72|0x000000070ac00000, 0x000000070ac00000, 0x000000070ae00000|  0%| F|  |TAMS 0x000000070ac00000, 0x000000070ac00000| Untracked 
|  73|0x000000070ae00000, 0x000000070ae00000, 0x000000070b000000|  0%| F|  |TAMS 0x000000070ae00000, 0x000000070ae00000| Untracked 
|  74|0x000000070b000000, 0x000000070b000000, 0x000000070b200000|  0%| F|  |TAMS 0x000000070b000000, 0x000000070b000000| Untracked 
|  75|0x000000070b200000, 0x000000070b200000, 0x000000070b400000|  0%| F|  |TAMS 0x000000070b200000, 0x000000070b200000| Untracked 
|  76|0x000000070b400000, 0x000000070b400000, 0x000000070b600000|  0%| F|  |TAMS 0x000000070b400000, 0x000000070b400000| Untracked 
|  77|0x000000070b600000, 0x000000070b600000, 0x000000070b800000|  0%| F|  |TAMS 0x000000070b600000, 0x000000070b600000| Untracked 
|  78|0x000000070b800000, 0x000000070b800000, 0x000000070ba00000|  0%| F|  |TAMS 0x000000070b800000, 0x000000070b800000| Untracked 
|  79|0x000000070ba00000, 0x000000070ba00000, 0x000000070bc00000|  0%| F|  |TAMS 0x000000070ba00000, 0x000000070ba00000| Untracked 
|  80|0x000000070bc00000, 0x000000070bc00000, 0x000000070be00000|  0%| F|  |TAMS 0x000000070bc00000, 0x000000070bc00000| Untracked 
|  81|0x000000070be00000, 0x000000070be00000, 0x000000070c000000|  0%| F|  |TAMS 0x000000070be00000, 0x000000070be00000| Untracked 
|  82|0x000000070c000000, 0x000000070c000000, 0x000000070c200000|  0%| F|  |TAMS 0x000000070c000000, 0x000000070c000000| Untracked 
|  83|0x000000070c200000, 0x000000070c200000, 0x000000070c400000|  0%| F|  |TAMS 0x000000070c200000, 0x000000070c200000| Untracked 
|  84|0x000000070c400000, 0x000000070c400000, 0x000000070c600000|  0%| F|  |TAMS 0x000000070c400000, 0x000000070c400000| Untracked 
|  85|0x000000070c600000, 0x000000070c600000, 0x000000070c800000|  0%| F|  |TAMS 0x000000070c600000, 0x000000070c600000| Untracked 
|  86|0x000000070c800000, 0x000000070c800000, 0x000000070ca00000|  0%| F|  |TAMS 0x000000070c800000, 0x000000070c800000| Untracked 
|  87|0x000000070ca00000, 0x000000070ca00000, 0x000000070cc00000|  0%| F|  |TAMS 0x000000070ca00000, 0x000000070ca00000| Untracked 
|  88|0x000000070cc00000, 0x000000070cc00000, 0x000000070ce00000|  0%| F|  |TAMS 0x000000070cc00000, 0x000000070cc00000| Untracked 
|  89|0x000000070ce00000, 0x000000070ce00000, 0x000000070d000000|  0%| F|  |TAMS 0x000000070ce00000, 0x000000070ce00000| Untracked 
|  90|0x000000070d000000, 0x000000070d000000, 0x000000070d200000|  0%| F|  |TAMS 0x000000070d000000, 0x000000070d000000| Untracked 
|  91|0x000000070d200000, 0x000000070d200000, 0x000000070d400000|  0%| F|  |TAMS 0x000000070d200000, 0x000000070d200000| Untracked 
|  92|0x000000070d400000, 0x000000070d400000, 0x000000070d600000|  0%| F|  |TAMS 0x000000070d400000, 0x000000070d400000| Untracked 
|  93|0x000000070d600000, 0x000000070d600000, 0x000000070d800000|  0%| F|  |TAMS 0x000000070d600000, 0x000000070d600000| Untracked 
|  94|0x000000070d800000, 0x000000070d800000, 0x000000070da00000|  0%| F|  |TAMS 0x000000070d800000, 0x000000070d800000| Untracked 
|  95|0x000000070da00000, 0x000000070da00000, 0x000000070dc00000|  0%| F|  |TAMS 0x000000070da00000, 0x000000070da00000| Untracked 
|  96|0x000000070dc00000, 0x000000070dc00000, 0x000000070de00000|  0%| F|  |TAMS 0x000000070dc00000, 0x000000070dc00000| Untracked 
|  97|0x000000070de00000, 0x000000070de00000, 0x000000070e000000|  0%| F|  |TAMS 0x000000070de00000, 0x000000070de00000| Untracked 
|  98|0x000000070e000000, 0x000000070e000000, 0x000000070e200000|  0%| F|  |TAMS 0x000000070e000000, 0x000000070e000000| Untracked 
|  99|0x000000070e200000, 0x000000070e200000, 0x000000070e400000|  0%| F|  |TAMS 0x000000070e200000, 0x000000070e200000| Untracked 
| 100|0x000000070e400000, 0x000000070e400000, 0x000000070e600000|  0%| F|  |TAMS 0x000000070e400000, 0x000000070e400000| Untracked 
| 101|0x000000070e600000, 0x000000070e600000, 0x000000070e800000|  0%| F|  |TAMS 0x000000070e600000, 0x000000070e600000| Untracked 
| 102|0x000000070e800000, 0x000000070e800000, 0x000000070ea00000|  0%| F|  |TAMS 0x000000070e800000, 0x000000070e800000| Untracked 
| 103|0x000000070ea00000, 0x000000070ea00000, 0x000000070ec00000|  0%| F|  |TAMS 0x000000070ea00000, 0x000000070ea00000| Untracked 
| 104|0x000000070ec00000, 0x000000070ec00000, 0x000000070ee00000|  0%| F|  |TAMS 0x000000070ec00000, 0x000000070ec00000| Untracked 
| 105|0x000000070ee00000, 0x000000070ee00000, 0x000000070f000000|  0%| F|  |TAMS 0x000000070ee00000, 0x000000070ee00000| Untracked 
| 106|0x000000070f000000, 0x000000070f000000, 0x000000070f200000|  0%| F|  |TAMS 0x000000070f000000, 0x000000070f000000| Untracked 
| 107|0x000000070f200000, 0x000000070f200000, 0x000000070f400000|  0%| F|  |TAMS 0x000000070f200000, 0x000000070f200000| Untracked 
| 108|0x000000070f400000, 0x000000070f400000, 0x000000070f600000|  0%| F|  |TAMS 0x000000070f400000, 0x000000070f400000| Untracked 
| 109|0x000000070f600000, 0x000000070f600000, 0x000000070f800000|  0%| F|  |TAMS 0x000000070f600000, 0x000000070f600000| Untracked 
| 110|0x000000070f800000, 0x000000070f800000, 0x000000070fa00000|  0%| F|  |TAMS 0x000000070f800000, 0x000000070f800000| Untracked 
| 111|0x000000070fa00000, 0x000000070fa00000, 0x000000070fc00000|  0%| F|  |TAMS 0x000000070fa00000, 0x000000070fa00000| Untracked 
| 112|0x000000070fc00000, 0x000000070fc00000, 0x000000070fe00000|  0%| F|  |TAMS 0x000000070fc00000, 0x000000070fc00000| Untracked 
| 113|0x000000070fe00000, 0x000000070fe00000, 0x0000000710000000|  0%| F|  |TAMS 0x000000070fe00000, 0x000000070fe00000| Untracked 
| 114|0x0000000710000000, 0x0000000710000000, 0x0000000710200000|  0%| F|  |TAMS 0x0000000710000000, 0x0000000710000000| Untracked 
| 115|0x0000000710200000, 0x0000000710200000, 0x0000000710400000|  0%| F|  |TAMS 0x0000000710200000, 0x0000000710200000| Untracked 
| 116|0x0000000710400000, 0x0000000710400000, 0x0000000710600000|  0%| F|  |TAMS 0x0000000710400000, 0x0000000710400000| Untracked 
| 117|0x0000000710600000, 0x0000000710600000, 0x0000000710800000|  0%| F|  |TAMS 0x0000000710600000, 0x0000000710600000| Untracked 
| 118|0x0000000710800000, 0x0000000710800000, 0x0000000710a00000|  0%| F|  |TAMS 0x0000000710800000, 0x0000000710800000| Untracked 
| 119|0x0000000710a00000, 0x0000000710a00000, 0x0000000710c00000|  0%| F|  |TAMS 0x0000000710a00000, 0x0000000710a00000| Untracked 
| 120|0x0000000710c00000, 0x0000000710c00000, 0x0000000710e00000|  0%| F|  |TAMS 0x0000000710c00000, 0x0000000710c00000| Untracked 
| 121|0x0000000710e00000, 0x0000000710e00000, 0x0000000711000000|  0%| F|  |TAMS 0x0000000710e00000, 0x0000000710e00000| Untracked 
| 122|0x0000000711000000, 0x0000000711000000, 0x0000000711200000|  0%| F|  |TAMS 0x0000000711000000, 0x0000000711000000| Untracked 
| 123|0x0000000711200000, 0x0000000711200000, 0x0000000711400000|  0%| F|  |TAMS 0x0000000711200000, 0x0000000711200000| Untracked 
| 124|0x0000000711400000, 0x0000000711400000, 0x0000000711600000|  0%| F|  |TAMS 0x0000000711400000, 0x0000000711400000| Untracked 
| 125|0x0000000711600000, 0x0000000711800000, 0x0000000711800000|100%| E|  |TAMS 0x0000000711600000, 0x0000000711600000| Complete 
| 126|0x0000000711800000, 0x0000000711a00000, 0x0000000711a00000|100%| E|CS|TAMS 0x0000000711800000, 0x0000000711800000| Complete 
| 127|0x0000000711a00000, 0x0000000711c00000, 0x0000000711c00000|100%| E|CS|TAMS 0x0000000711a00000, 0x0000000711a00000| Complete 

Card table byte_map: [0x000001e7fb8b0000,0x000001e7fc0b0000] _byte_map_base: 0x000001e7f80a2000

Marking Bits (Prev, Next): (CMBitMap*) 0x000001e7f2e90dc0, (CMBitMap*) 0x000001e7f2e90e00
 Prev Bits: [0x000001e78f000000, 0x000001e792f90000)
 Next Bits: [0x000001e792f90000, 0x000001e796f20000)

Polling page: 0x000001e7f0db0000

Metaspace:

Usage:
  Non-class:      1.42 MB used.
      Class:    170.16 KB used.
       Both:      1.59 MB used.

Virtual space:
  Non-class space:       64.00 MB reserved,       1.50 MB (  2%) committed,  1 nodes.
      Class space:        1.00 GB reserved,     256.00 KB ( <1%) committed,  1 nodes.
             Both:        1.06 GB reserved,       1.75 MB ( <1%) committed. 

Chunk freelists:
   Non-Class:  3.72 MB
       Class:  3.66 MB
        Both:  7.38 MB

MaxMetaspaceSize: unlimited
CompressedClassSpaceSize: 1.00 GB
Initial GC threshold: 21.00 MB
Current GC threshold: 21.00 MB
CDS: on
MetaspaceReclaimPolicy: balanced
 - commit_granule_bytes: 65536.
 - commit_granule_words: 8192.
 - virtual_space_node_default_size: 8388608.
 - enlarge_chunks_in_place: 1.
 - new_chunks_are_fully_committed: 0.
 - uncommit_free_chunks: 1.
 - use_allocation_guard: 0.


Internal statistics:

num_allocs_failed_limit: 0.
num_arena_births: 40.
num_arena_deaths: 0.
num_vsnodes_births: 2.
num_vsnodes_deaths: 0.
num_space_committed: 28.
num_space_uncommitted: 0.
num_chunks_returned_to_freelist: 0.
num_chunks_taken_from_freelist: 59.
num_chunk_merges: 0.
num_chunk_splits: 38.
num_chunks_enlarged: 27.
num_inconsistent_stats: 0.

CodeHeap 'non-profiled nmethods': size=120000Kb used=158Kb max_used=158Kb free=119841Kb
 bounds [0x000001e787ad0000, 0x000001e787d40000, 0x000001e78f000000]
CodeHeap 'profiled nmethods': size=120000Kb used=589Kb max_used=589Kb free=119411Kb
 bounds [0x000001e780000000, 0x000001e780270000, 0x000001e787530000]
CodeHeap 'non-nmethods': size=5760Kb used=1243Kb max_used=1253Kb free=4516Kb
 bounds [0x000001e787530000, 0x000001e7877a0000, 0x000001e787ad0000]
 total_blobs=929 nmethods=475 adapters=365
 compilation: enabled
              stopped_count=0, restarted_count=0
 full_count=0

Compilation events (20 events):
Event: 9.649 Thread 0x000001e7ff2e9a10 nmethod 464 0x000001e787af7310 code [0x000001e787af74a0, 0x000001e787af7658]
Event: 9.649 Thread 0x000001e7ff2e9a10  466       4       java.lang.StringLatin1::canEncode (13 bytes)
Event: 9.650 Thread 0x000001e7ff2e9a10 nmethod 466 0x000001e787af7790 code [0x000001e787af7900, 0x000001e787af7978]
Event: 9.650 Thread 0x000001e7ff2ec470 nmethod 467 0x000001e78008c890 code [0x000001e78008cb60, 0x000001e78008dd88]
Event: 9.650 Thread 0x000001e7ff2ec470  471   !   3       java.lang.ref.ReferenceQueue::poll (40 bytes)
Event: 9.650 Thread 0x000001e7ff2ec470 nmethod 471 0x000001e78008e810 code [0x000001e78008ea60, 0x000001e78008f508]
Event: 9.650 Thread 0x000001e7ff2ec470  469       3       java.util.ArrayList::get (15 bytes)
Event: 9.650 Thread 0x000001e7ff2ec470 nmethod 469 0x000001e78008f890 code [0x000001e78008fa40, 0x000001e78008fc98]
Event: 9.650 Thread 0x000001e7ff2ec470  470       3       java.util.ArrayList::elementData (7 bytes)
Event: 9.650 Thread 0x000001e7ff2ec470 nmethod 470 0x000001e78008fe10 code [0x000001e78008ffa0, 0x000001e7800900d8]
Event: 9.651 Thread 0x000001e7ff2ec470  472       3       java.lang.ClassLoader::getClassLoadingLock (35 bytes)
Event: 9.651 Thread 0x000001e7ff2ec470 nmethod 472 0x000001e780090190 code [0x000001e780090360, 0x000001e780090668]
Event: 9.651 Thread 0x000001e7ff2ec470  473       3       java.lang.ClassLoader::findLoadedClass (15 bytes)
Event: 9.651 Thread 0x000001e7ff2ec470 nmethod 473 0x000001e780090810 code [0x000001e7800909e0, 0x000001e780090bd8]
Event: 9.651 Thread 0x000001e7ff2ec470  474       3       jdk.internal.loader.BuiltinClassLoader::findLoadedModule (33 bytes)
Event: 9.652 Thread 0x000001e7ff2ec470 nmethod 474 0x000001e780090c90 code [0x000001e780090ec0, 0x000001e780091518]
Event: 9.652 Thread 0x000001e7ff2ec470  475   !   3       jdk.internal.loader.BuiltinClassLoader::loadClassOrNull (143 bytes)
Event: 9.653 Thread 0x000001e7ff2ec470 nmethod 475 0x000001e780091790 code [0x000001e780091a60, 0x000001e780092a08]
Event: 9.653 Thread 0x000001e7ff2ec470  476       3       jdk.internal.loader.BuiltinClassLoader::loadClassOrNull (7 bytes)
Event: 9.653 Thread 0x000001e7ff2ec470 nmethod 476 0x000001e780093010 code [0x000001e7800931c0, 0x000001e780093388]

GC Heap History (0 events):
No events

Dll operation events (11 events):
Event: 0.009 Loaded shared library C:\Users\Martin Zarecky\.jdks\openjdk-19.0.1\bin\java.dll
Event: 0.020 Loaded shared library C:\Users\Martin Zarecky\.jdks\openjdk-19.0.1\bin\jsvml.dll
Event: 0.079 Loaded shared library C:\Users\Martin Zarecky\.jdks\openjdk-19.0.1\bin\zip.dll
Event: 0.083 Loaded shared library C:\Users\Martin Zarecky\.jdks\openjdk-19.0.1\bin\instrument.dll
Event: 0.090 Loaded shared library C:\Users\Martin Zarecky\.jdks\openjdk-19.0.1\bin\net.dll
Event: 0.092 Loaded shared library C:\Users\Martin Zarecky\.jdks\openjdk-19.0.1\bin\nio.dll
Event: 0.095 Loaded shared library C:\Users\Martin Zarecky\.jdks\openjdk-19.0.1\bin\zip.dll
Event: 0.105 Loaded shared library D:\Programfiles\IntelliJ IDEA 2022.3\bin\breakgen64.dll
Event: 0.115 Loaded shared library C:\Users\Martin Zarecky\.jdks\openjdk-19.0.1\bin\extnet.dll
Event: 1.014 Loaded shared library C:\Users\Martin Zarecky\.jdks\openjdk-19.0.1\bin\jimage.dll
Event: 9.612 Loaded shared library D:\VUT\3_Rocnik\Bakalarska prace\Aplikace\DNP3_Outstation\libs\opendnp3java.dll

Deoptimization events (10 events):
Event: 1.051 Thread 0x000001e7ff2e03e0 Uncommon trap: trap_request=0xffffff45 fr.pc=0x000001e787ae478c relative=0x000000000000016c
Event: 1.051 Thread 0x000001e7ff2e03e0 Uncommon trap: reason=unstable_if action=reinterpret pc=0x000001e787ae478c method=java.util.concurrent.locks.ReentrantLock$NonfairSync.initialTryLock()Z @ 10 c2
Event: 1.051 Thread 0x000001e7ff2e03e0 DEOPT PACKING pc=0x000001e787ae478c sp=0x00000094e0dfec90
Event: 1.051 Thread 0x000001e7ff2e03e0 DEOPT UNPACKING pc=0x000001e787596da3 sp=0x00000094e0dfec38 mode 2
Event: 1.052 Thread 0x000001e7ff2e03e0 Uncommon trap: trap_request=0xffffff45 fr.pc=0x000001e787ae7074 relative=0x00000000000000d4
Event: 1.052 Thread 0x000001e7ff2e03e0 Uncommon trap: reason=unstable_if action=reinterpret pc=0x000001e787ae7074 method=java.util.concurrent.locks.ReentrantLock$Sync.tryRelease(I)Z @ 26 c2
Event: 1.052 Thread 0x000001e7ff2e03e0 DEOPT PACKING pc=0x000001e787ae7074 sp=0x00000094e0dfec90
Event: 1.052 Thread 0x000001e7ff2e03e0 DEOPT UNPACKING pc=0x000001e787596da3 sp=0x00000094e0dfec30 mode 2
Event: 9.647 Thread 0x000001e7f2e1f7e0 DEOPT PACKING pc=0x000001e780025b67 sp=0x00000094e03fd760
Event: 9.647 Thread 0x000001e7f2e1f7e0 DEOPT UNPACKING pc=0x000001e787597543 sp=0x00000094e03fcb80 mode 0

Classes loaded (20 events):
Event: 1.042 Loading class java/time/zone/ZoneOffsetTransition
Event: 1.042 Loading class java/time/zone/ZoneOffsetTransition done
Event: 1.043 Loading class sun/util/cldr/CLDRBaseLocaleDataMetaInfo$TZCanonicalIDMapHolder
Event: 1.044 Loading class sun/util/cldr/CLDRBaseLocaleDataMetaInfo$TZCanonicalIDMapHolder done
Event: 1.046 Loading class sun/util/resources/TimeZoneNames
Event: 1.046 Loading class sun/util/resources/TimeZoneNames done
Event: 1.047 Loading class sun/util/resources/TimeZoneNames_en
Event: 1.047 Loading class sun/util/resources/TimeZoneNames_en done
Event: 9.622 Loading class java/util/concurrent/CompletableFuture
Event: 9.623 Loading class java/util/concurrent/CompletionStage
Event: 9.623 Loading class java/util/concurrent/CompletionStage done
Event: 9.623 Loading class java/util/concurrent/CompletableFuture done
Event: 9.623 Loading class java/util/concurrent/CompletableFuture$AltResult
Event: 9.623 Loading class java/util/concurrent/CompletableFuture$AltResult done
Event: 9.624 Loading class java/util/concurrent/CompletableFuture$Completion
Event: 9.624 Loading class java/util/concurrent/CompletableFuture$AsynchronousCompletionTask
Event: 9.624 Loading class java/util/concurrent/CompletableFuture$AsynchronousCompletionTask done
Event: 9.624 Loading class java/util/concurrent/CompletableFuture$Completion done
Event: 9.653 Loading class java/lang/Thread$ThreadNumbering
Event: 9.653 Loading class java/lang/Thread$ThreadNumbering done

Classes unloaded (0 events):
No events

Classes redefined (0 events):
No events

Internal exceptions (4 events):
Event: 0.098 Thread 0x000001e7f2e1f7e0 Exception <a 'java/lang/NoSuchMethodError'{0x00000007118cb188}: 'void java.lang.invoke.DirectMethodHandle$Holder.invokeStatic(java.lang.Object, java.lang.Object, java.lang.Object)'> (0x00000007118cb188) 
thrown [s\open\src\hotspot\share\interpreter\linkResolver.cpp, line 774]
Event: 0.102 Thread 0x000001e7f2e1f7e0 Exception <a 'java/lang/NoSuchMethodError'{0x00000007118e39c8}: 'java.lang.Object java.lang.invoke.Invokers$Holder.invokeExact_MT(java.lang.Object, java.lang.Object, java.lang.Object, java.lang.Object, java.lang.Object)'> (0x00000007118e39c8) 
thrown [s\open\src\hotspot\share\interpreter\linkResolver.cpp, line 774]
Event: 0.116 Thread 0x000001e79b1c2a60 Exception <a 'java/lang/NoSuchMethodError'{0x000000071195a4f8}: 'void java.lang.invoke.DirectMethodHandle$Holder.invokeStatic(java.lang.Object, java.lang.Object)'> (0x000000071195a4f8) 
thrown [s\open\src\hotspot\share\interpreter\linkResolver.cpp, line 774]
Event: 1.050 Thread 0x000001e7ff2e03e0 Exception <a 'java/lang/NoSuchMethodError'{0x00000007116c7990}: 'java.lang.Object java.lang.invoke.Invokers$Holder.invokeExact_MT(java.lang.Object, java.lang.Object, java.lang.Object, java.lang.Object, java.lang.Object, java.lang.Object)'> (0x00000007116c7990) 
thrown [s\open\src\hotspot\share\interpreter\linkResolver.cpp, line 774]

VM Operations (12 events):
Event: 0.108 Executing VM operation: HandshakeAllThreads
Event: 0.108 Executing VM operation: HandshakeAllThreads done
Event: 1.026 Executing VM operation: HandshakeAllThreads
Event: 1.026 Executing VM operation: HandshakeAllThreads done
Event: 1.026 Executing VM operation: Cleanup
Event: 1.026 Executing VM operation: Cleanup done
Event: 2.026 Executing VM operation: Cleanup
Event: 2.026 Executing VM operation: Cleanup done
Event: 9.652 Executing VM operation: HandshakeAllThreads
Event: 9.652 Executing VM operation: HandshakeAllThreads done
Event: 9.652 Executing VM operation: Cleanup
Event: 9.652 Executing VM operation: Cleanup done

Events (16 events):
Event: 0.020 Thread 0x000001e7f2e1f7e0 Thread added: 0x000001e7f2e1f7e0
Event: 0.035 Thread 0x000001e7ff2d7f20 Thread added: 0x000001e7ff2d7f20
Event: 0.035 Thread 0x000001e7ff2d8eb0 Thread added: 0x000001e7ff2d8eb0
Event: 0.036 Thread 0x000001e7ff2deaa0 Thread added: 0x000001e7ff2deaa0
Event: 0.036 Thread 0x000001e7ff2e03e0 Thread added: 0x000001e7ff2e03e0
Event: 0.036 Thread 0x000001e7ff2e36a0 Thread added: 0x000001e7ff2e36a0
Event: 0.036 Thread 0x000001e7ff2e6c40 Thread added: 0x000001e7ff2e6c40
Event: 0.036 Thread 0x000001e7ff2e9a10 Thread added: 0x000001e7ff2e9a10
Event: 0.036 Thread 0x000001e7ff2ec470 Thread added: 0x000001e7ff2ec470
Event: 0.036 Thread 0x000001e7ff2f75c0 Thread added: 0x000001e7ff2f75c0
Event: 0.061 Thread 0x000001e79b1c2fb0 Thread added: 0x000001e79b1c2fb0
Event: 0.106 Thread 0x000001e79b1c2a60 Thread added: 0x000001e79b1c2a60
Event: 0.106 Thread 0x000001e79b1c3500 Thread added: 0x000001e79b1c3500
Event: 1.033 Thread 0x000001e79b342a10 Thread added: 0x000001e79b342a10
Event: 1.549 Thread 0x000001e79b342a10 Thread exited: 0x000001e79b342a10
Event: 9.653 Thread 0x000001e79b1c3fa0 Thread added: 0x000001e79b1c3fa0


Dynamic libraries:
0x00007ff692900000 - 0x00007ff69290e000 	C:\Users\Martin Zarecky\.jdks\openjdk-19.0.1\bin\java.exe
0x00007ff81f250000 - 0x00007ff81f448000 	C:\WINDOWS\SYSTEM32\ntdll.dll
0x00007ff81d530000 - 0x00007ff81d5ef000 	C:\WINDOWS\System32\KERNEL32.DLL
0x00007ff81cbe0000 - 0x00007ff81ceb2000 	C:\WINDOWS\System32\KERNELBASE.dll
0x00007ff81cae0000 - 0x00007ff81cbe0000 	C:\WINDOWS\System32\ucrtbase.dll
0x00007ff8183d0000 - 0x00007ff8183eb000 	C:\Users\Martin Zarecky\.jdks\openjdk-19.0.1\bin\VCRUNTIME140.dll
0x00007ff8183b0000 - 0x00007ff8183c7000 	C:\Users\Martin Zarecky\.jdks\openjdk-19.0.1\bin\jli.dll
0x00007ff81d8f0000 - 0x00007ff81da91000 	C:\WINDOWS\System32\USER32.dll
0x00007ff81cab0000 - 0x00007ff81cad2000 	C:\WINDOWS\System32\win32u.dll
0x00007ff806650000 - 0x00007ff8068ea000 	C:\WINDOWS\WinSxS\amd64_microsoft.windows.common-controls_6595b64144ccf1df_6.0.19041.1110_none_60b5254171f9507e\COMCTL32.dll
0x00007ff81dbe0000 - 0x00007ff81dc0b000 	C:\WINDOWS\System32\GDI32.dll
0x00007ff81de40000 - 0x00007ff81dede000 	C:\WINDOWS\System32\msvcrt.dll
0x00007ff81cf70000 - 0x00007ff81d07f000 	C:\WINDOWS\System32\gdi32full.dll
0x00007ff81d200000 - 0x00007ff81d29d000 	C:\WINDOWS\System32\msvcp_win.dll
0x00007ff81e510000 - 0x00007ff81e540000 	C:\WINDOWS\System32\IMM32.DLL
0x00007ff8179f0000 - 0x00007ff8179fc000 	C:\Users\Martin Zarecky\.jdks\openjdk-19.0.1\bin\vcruntime140_1.dll
0x00007ff810620000 - 0x00007ff8106ae000 	C:\Users\Martin Zarecky\.jdks\openjdk-19.0.1\bin\msvcp140.dll
0x00007fffb54b0000 - 0x00007fffb6170000 	C:\Users\Martin Zarecky\.jdks\openjdk-19.0.1\bin\server\jvm.dll
0x00007ff81d750000 - 0x00007ff81d7fe000 	C:\WINDOWS\System32\ADVAPI32.dll
0x00007ff81d3c0000 - 0x00007ff81d45c000 	C:\WINDOWS\System32\sechost.dll
0x00007ff81daa0000 - 0x00007ff81dbc4000 	C:\WINDOWS\System32\RPCRT4.dll
0x00007ff8046d0000 - 0x00007ff8046d9000 	C:\WINDOWS\SYSTEM32\WSOCK32.dll
0x00007ff812690000 - 0x00007ff8126b7000 	C:\WINDOWS\SYSTEM32\WINMM.dll
0x00007ff81d460000 - 0x00007ff81d4cb000 	C:\WINDOWS\System32\WS2_32.dll
0x00007ff814650000 - 0x00007ff81465a000 	C:\WINDOWS\SYSTEM32\VERSION.dll
0x00007ff81b1a0000 - 0x00007ff81b1b2000 	C:\WINDOWS\SYSTEM32\kernel.appcore.dll
0x00007ff8179e0000 - 0x00007ff8179ea000 	C:\Users\Martin Zarecky\.jdks\openjdk-19.0.1\bin\jimage.dll
0x00007ff81a6c0000 - 0x00007ff81a8a4000 	C:\WINDOWS\SYSTEM32\DBGHELP.DLL
0x00007ff8005a0000 - 0x00007ff8005d5000 	C:\WINDOWS\SYSTEM32\dbgcore.DLL
0x00007ff81d120000 - 0x00007ff81d1a2000 	C:\WINDOWS\System32\bcryptPrimitives.dll
0x00007ff815430000 - 0x00007ff81543e000 	C:\Users\Martin Zarecky\.jdks\openjdk-19.0.1\bin\instrument.dll
0x00007ff8109a0000 - 0x00007ff8109c6000 	C:\Users\Martin Zarecky\.jdks\openjdk-19.0.1\bin\java.dll
0x00007fffe1b50000 - 0x00007fffe1c27000 	C:\Users\Martin Zarecky\.jdks\openjdk-19.0.1\bin\jsvml.dll
0x00007ff81e680000 - 0x00007ff81edc5000 	C:\WINDOWS\System32\SHELL32.dll
0x00007ff81a8d0000 - 0x00007ff81b062000 	C:\WINDOWS\SYSTEM32\windows.storage.dll
0x00007ff81edd0000 - 0x00007ff81f125000 	C:\WINDOWS\System32\combase.dll
0x00007ff81c3b0000 - 0x00007ff81c3e0000 	C:\WINDOWS\SYSTEM32\Wldp.dll
0x00007ff81d5f0000 - 0x00007ff81d69d000 	C:\WINDOWS\System32\SHCORE.dll
0x00007ff81e540000 - 0x00007ff81e595000 	C:\WINDOWS\System32\shlwapi.dll
0x00007ff81c890000 - 0x00007ff81c8af000 	C:\WINDOWS\SYSTEM32\profapi.dll
0x00007ff810980000 - 0x00007ff810998000 	C:\Users\Martin Zarecky\.jdks\openjdk-19.0.1\bin\zip.dll
0x00007ff80bec0000 - 0x00007ff80bed3000 	C:\Users\Martin Zarecky\.jdks\openjdk-19.0.1\bin\net.dll
0x00007ff812780000 - 0x00007ff81288a000 	C:\WINDOWS\SYSTEM32\WINHTTP.dll
0x00007ff81c110000 - 0x00007ff81c17a000 	C:\WINDOWS\system32\mswsock.dll
0x00007ff80bea0000 - 0x00007ff80beb6000 	C:\Users\Martin Zarecky\.jdks\openjdk-19.0.1\bin\nio.dll
0x00007ff8104b0000 - 0x00007ff8104ca000 	D:\Programfiles\IntelliJ IDEA 2022.3\bin\breakgen64.dll
0x00007ff814f30000 - 0x00007ff814f38000 	C:\Users\Martin Zarecky\.jdks\openjdk-19.0.1\bin\extnet.dll
0x00007fffcbb40000 - 0x00007fffcbfea000 	D:\VUT\3_Rocnik\Bakalarska prace\Aplikace\DNP3_Outstation\libs\opendnp3java.dll
0x00007ff809a80000 - 0x00007ff809aaa000 	C:\WINDOWS\SYSTEM32\VCRUNTIME140D.dll
0x00007ff809ab0000 - 0x00007ff809b97000 	C:\WINDOWS\SYSTEM32\MSVCP140D.dll
0x00007ff810450000 - 0x00007ff81045f000 	C:\WINDOWS\SYSTEM32\VCRUNTIME140_1D.dll
0x00007fffdb740000 - 0x00007fffdb903000 	C:\WINDOWS\SYSTEM32\ucrtbased.dll

dbghelp: loaded successfully - version: 4.0.5 - missing functions: none
symbol engine: initialized successfully - sym options: 0x614 - pdb path: .;C:\Users\Martin Zarecky\.jdks\openjdk-19.0.1\bin;C:\WINDOWS\SYSTEM32;C:\WINDOWS\WinSxS\amd64_microsoft.windows.common-controls_6595b64144ccf1df_6.0.19041.1110_none_60b5254171f9507e;C:\Users\Martin Zarecky\.jdks\openjdk-19.0.1\bin\server;D:\Programfiles\IntelliJ IDEA 2022.3\bin;D:\VUT\3_Rocnik\Bakalarska prace\Aplikace\DNP3_Outstation\libs

VM Arguments:
jvm_args: -Djava.library.path=D:\VUT\3_Rocnik\Bakalarska prace\Aplikace\DNP3_Outstation\libs -javaagent:D:\Programfiles\IntelliJ IDEA 2022.3\lib\idea_rt.jar=53424:D:\Programfiles\IntelliJ IDEA 2022.3\bin -Dfile.encoding=UTF-8 -Dsun.stdout.encoding=UTF-8 -Dsun.stderr.encoding=UTF-8 
java_command: Main
java_class_path (initial): D:\VUT\3_Rocnik\Bakalarska prace\Aplikace\DNP3_Outstation\out\production\DNP3_Outstation;D:\VUT\3_Rocnik\Bakalarska prace\Aplikace\DNP3_Outstation\libs\opendnp3-bindings-3.1.2.jar
Launcher Type: SUN_STANDARD

[Global flags]
     intx CICompilerCount                          = 4                                         {product} {ergonomic}
     uint ConcGCThreads                            = 2                                         {product} {ergonomic}
     uint G1ConcRefinementThreads                  = 8                                         {product} {ergonomic}
   size_t G1HeapRegionSize                         = 2097152                                   {product} {ergonomic}
    uintx GCDrainStackTargetSize                   = 64                                        {product} {ergonomic}
   size_t InitialHeapSize                          = 268435456                                 {product} {ergonomic}
   size_t MarkStackSize                            = 4194304                                   {product} {ergonomic}
   size_t MaxHeapSize                              = 4265607168                                {product} {ergonomic}
   size_t MaxNewSize                               = 2558525440                                {product} {ergonomic}
   size_t MinHeapDeltaBytes                        = 2097152                                   {product} {ergonomic}
   size_t MinHeapSize                              = 8388608                                   {product} {ergonomic}
    uintx NonNMethodCodeHeapSize                   = 5839372                                {pd product} {ergonomic}
    uintx NonProfiledCodeHeapSize                  = 122909434                              {pd product} {ergonomic}
    uintx ProfiledCodeHeapSize                     = 122909434                              {pd product} {ergonomic}
    uintx ReservedCodeCacheSize                    = 251658240                              {pd product} {ergonomic}
     bool SegmentedCodeCache                       = true                                      {product} {ergonomic}
   size_t SoftMaxHeapSize                          = 4265607168                             {manageable} {ergonomic}
     bool UseCompressedClassPointers               = true                           {product lp64_product} {ergonomic}
     bool UseCompressedOops                        = true                           {product lp64_product} {ergonomic}
     bool UseG1GC                                  = true                                      {product} {ergonomic}
     bool UseLargePagesIndividualAllocation        = false                                  {pd product} {ergonomic}

Logging:
Log output configuration:
 #0: stdout all=warning uptime,level,tags foldmultilines=false
 #1: stderr all=off uptime,level,tags foldmultilines=false

Environment Variables:
JAVA_HOME=C:\Program Files (x86)\Java\jdk1.8.0_192
PATH=D:\Programfiles\bin\;C:\Program Files (x86)\Common Files\Oracle\Java\javapath;C:\Program Files (x86)\Intel\iCLS Client\;C:\Program Files\Intel\iCLS Client\;C:\windows\system32;C:\windows;C:\windows\System32\Wbem;C:\windows\System32\WindowsPowerShell\v1.0\;C:\Program Files (x86)\Intel\Intel(R) Management Engine Components\DAL;C:\Program Files\Intel\Intel(R) Management Engine Components\DAL;C:\Program Files (x86)\Intel\Intel(R) Management Engine Components\IPT;C:\Program Files\Intel\Intel(R) Management Engine Components\IPT;C:\WINDOWS\system32;C:\WINDOWS;C:\WINDOWS\System32\Wbem;C:\WINDOWS\System32\WindowsPowerShell\v1.0\;C:\WINDOWS\System32\OpenSSH\;C:\Program Files\dotnet\;C:\Program Files\NVIDIA Corporation\NVIDIA NvDLISR;C:\Program Files\Microsoft SQL Server\130\Tools\Binn\;C:\Program Files\Microsoft SQL Server\Client SDK\ODBC\170\Tools\Binn\;C:\WINDOWS\system32;C:\WINDOWS;C:\WINDOWS\System32\Wbem;C:\WINDOWS\System32\WindowsPowerShell\v1.0\;C:\WINDOWS\System32\OpenSSH\;C:\Program Files\Microsoft SQL Server\120\Tools\Binn\;C:\Program Files\Microsoft SQL Server\Client SDK\ODBC\110\Tools\Binn\;C:\Program Files (x86)\Microsoft SQL Server\120\Tools\Binn\;C:\Program Files\Microsoft SQL Server\120\DTS\Binn\;C:\Program Files (x86)\Windows Kits\8.1\Windows Performance Toolkit\;D:\Programfiles\;C:\Program Files (x86)\NVIDIA Corporation\PhysX\Common;C:\Program Files\CMake\bin;C:\Program Files\Java\jdk1.8.0_192\bin;C:\Users\Martin Zarecky\AppData\Local\Programs\Microsoft VS Code\bin
USERNAME=Martin Zarecky
OS=Windows_NT
PROCESSOR_IDENTIFIER=Intel64 Family 6 Model 158 Stepping 9, GenuineIntel
TMP=C:\Users\MARTIN~1\AppData\Local\Temp
TEMP=C:\Users\MARTIN~1\AppData\Local\Temp



---------------  S Y S T E M  ---------------

OS:
 Windows 10 , 64 bit Build 19041 (10.0.19041.2546)
OS uptime: 3 days 13:59 hours

CPU: total 8 (initial active 8) (4 cores per cpu, 2 threads per core) family 6 model 158 stepping 9 microcode 0xde, cx8, cmov, fxsr, ht, mmx, 3dnowpref, sse, sse2, sse3, ssse3, sse4.1, sse4.2, popcnt, lzcnt, tsc, tscinvbit, avx, avx2, aes, erms, clmul, bmi1, bmi2, adx, fma, vzeroupper, clflush, clflushopt, rdtscp

Memory: 4k page, system-wide physical 16269M (8671M free)
TotalPageFile size 21959M (AvailPageFile size 10001M)
current process WorkingSet (physical memory assigned to process): 42M, peak: 42M
current process commit charge ("private bytes"): 346M, peak: 346M

vm_info: OpenJDK 64-Bit Server VM (19.0.1+10-21) for windows-amd64 JRE (19.0.1+10-21), built on 2022-09-14T12:45:06Z by "mach5one" with MS VC++ 17.1 (VS2022)

END.
